0 info it worked if it ends with ok
1 verbose cli [ '/usr/bin/node', '/usr/bin/npm', 'run', 'build' ]
2 info using npm@6.14.15
3 info using node@v12.22.6
4 verbose config Skipping project config: /var/www/.npmrc. (matches userconfig)
5 verbose stack Error: missing script: build
5 verbose stack     at run (/usr/lib/node_modules/npm/lib/run-script.js:155:19)
5 verbose stack     at /usr/lib/node_modules/npm/lib/run-script.js:63:5
5 verbose stack     at /usr/lib/node_modules/npm/node_modules/read-package-json/read-json.js:116:5
5 verbose stack     at /usr/lib/node_modules/npm/node_modules/read-package-json/read-json.js:436:5
5 verbose stack     at checkBinReferences_ (/usr/lib/node_modules/npm/node_modules/read-package-json/read-json.js:391:45)
5 verbose stack     at final (/usr/lib/node_modules/npm/node_modules/read-package-json/read-json.js:434:3)
5 verbose stack     at then (/usr/lib/node_modules/npm/node_modules/read-package-json/read-json.js:161:5)
5 verbose stack     at /usr/lib/node_modules/npm/node_modules/read-package-json/read-json.js:281:12
5 verbose stack     at /usr/lib/node_modules/npm/node_modules/graceful-fs/graceful-fs.js:123:16
5 verbose stack     at FSReqCallback.readFileAfterClose [as oncomplete] (internal/fs/read_file_context.js:63:3)
6 verbose cwd /var/www
7 verbose Linux 5.10.16.3-microsoft-standard-WSL2
8 verbose argv "/usr/bin/node" "/usr/bin/npm" "run" "build"
9 verbose node v12.22.6
10 verbose npm  v6.14.15
11 error missing script: build
12 verbose exit [ 1, true ]
